{"C:\\worksapce\\react-native\\iweather\\src\\__test__\\mocks\\api\\mock-city-api-response.ts": {"path":"C:\\worksapce\\react-native\\iweather\\src\\__test__\\mocks\\api\\mock-city-api-response.ts","statementMap":{"0":{"start":{"line":6,"column":45},"end":{"line":16,"column":1}}},"fnMap":{},"branchMap":{},"s":{"0":1},"f":{},"b":{},"_coverageSchema":"1a1c01bbd47fc00a2c39e90264f33305004495a9","hash":"b1700e14764708a2b5f8f1f55da6860eb1c91a38"}
,"C:\\worksapce\\react-native\\iweather\\src\\__test__\\mocks\\api\\mock-time-api-response.ts": {"path":"C:\\worksapce\\react-native\\iweather\\src\\__test__\\mocks\\api\\mock-time-api-response.ts","statementMap":{"0":{"start":{"line":6,"column":19},"end":{"line":6,"column":29}},"1":{"start":{"line":7,"column":16},"end":{"line":7,"column":26}},"2":{"start":{"line":9,"column":0},"end":{"line":9,"column":42}},"3":{"start":{"line":11,"column":56},"end":{"line":56,"column":1}}},"fnMap":{},"branchMap":{},"s":{"0":2,"1":2,"2":2,"3":2},"f":{},"b":{},"_coverageSchema":"1a1c01bbd47fc00a2c39e90264f33305004495a9","hash":"e3ff31542aabfee419b2df65252c648043561fb3"}
,"C:\\worksapce\\react-native\\iweather\\src\\__test__\\utils\\custom-render.tsx": {"path":"C:\\worksapce\\react-native\\iweather\\src\\__test__\\utils\\custom-render.tsx","statementMap":{"0":{"start":{"line":12,"column":2},"end":{"line":16,"column":4}},"1":{"start":{"line":19,"column":21},"end":{"line":22,"column":51}},"2":{"start":{"line":22,"column":5},"end":{"line":22,"column":51}}},"fnMap":{"0":{"name":"Providers","decl":{"start":{"line":11,"column":9},"end":{"line":11,"column":18}},"loc":{"start":{"line":11,"column":64},"end":{"line":17,"column":1}},"line":11},"1":{"name":"(anonymous_1)","decl":{"start":{"line":19,"column":21},"end":{"line":19,"column":22}},"loc":{"start":{"line":22,"column":5},"end":{"line":22,"column":51}},"line":22}},"branchMap":{},"s":{"0":3,"1":1,"2":3},"f":{"0":3,"1":3},"b":{},"_coverageSchema":"1a1c01bbd47fc00a2c39e90264f33305004495a9","hash":"ab0ebb629fb85e587ccb02c83f534d8590446094"}
,"C:\\worksapce\\react-native\\iweather\\src\\assets\\background.png": {"path":"C:\\worksapce\\react-native\\iweather\\src\\assets\\background.png","statementMap":{"0":{"start":{"line":1,"column":0},"end":{"line":1,"column":19}}},"fnMap":{},"branchMap":{},"s":{"0":1},"f":{},"b":{},"_coverageSchema":"1a1c01bbd47fc00a2c39e90264f33305004495a9","hash":"098a9b2b38bd875718d98c75a5111dc9973aee09"}
,"C:\\worksapce\\react-native\\iweather\\src\\assets\\bg_clear_day.png": {"path":"C:\\worksapce\\react-native\\iweather\\src\\assets\\bg_clear_day.png","statementMap":{"0":{"start":{"line":1,"column":0},"end":{"line":1,"column":19}}},"fnMap":{},"branchMap":{},"s":{"0":2},"f":{},"b":{},"_coverageSchema":"1a1c01bbd47fc00a2c39e90264f33305004495a9","hash":"b1078ff5fd0587d6e9001c2cc7c552840dc09e52"}
,"C:\\worksapce\\react-native\\iweather\\src\\assets\\bg_clear_night.png": {"path":"C:\\worksapce\\react-native\\iweather\\src\\assets\\bg_clear_night.png","statementMap":{"0":{"start":{"line":1,"column":0},"end":{"line":1,"column":19}}},"fnMap":{},"branchMap":{},"s":{"0":2},"f":{},"b":{},"_coverageSchema":"1a1c01bbd47fc00a2c39e90264f33305004495a9","hash":"70f6a0060d0432c687b52a4170739e1e77d0cff0"}
,"C:\\worksapce\\react-native\\iweather\\src\\assets\\bg_cloudy_day.png": {"path":"C:\\worksapce\\react-native\\iweather\\src\\assets\\bg_cloudy_day.png","statementMap":{"0":{"start":{"line":1,"column":0},"end":{"line":1,"column":19}}},"fnMap":{},"branchMap":{},"s":{"0":2},"f":{},"b":{},"_coverageSchema":"1a1c01bbd47fc00a2c39e90264f33305004495a9","hash":"e5b18ed6c81b4b034b9fd9512185f7579485f5d6"}
,"C:\\worksapce\\react-native\\iweather\\src\\assets\\bg_cloudy_night.png": {"path":"C:\\worksapce\\react-native\\iweather\\src\\assets\\bg_cloudy_night.png","statementMap":{"0":{"start":{"line":1,"column":0},"end":{"line":1,"column":19}}},"fnMap":{},"branchMap":{},"s":{"0":2},"f":{},"b":{},"_coverageSchema":"1a1c01bbd47fc00a2c39e90264f33305004495a9","hash":"081fa35e784f6c1f59fbb207516cb643f5a26741"}
,"C:\\worksapce\\react-native\\iweather\\src\\assets\\bg_rain_day.png": {"path":"C:\\worksapce\\react-native\\iweather\\src\\assets\\bg_rain_day.png","statementMap":{"0":{"start":{"line":1,"column":0},"end":{"line":1,"column":19}}},"fnMap":{},"branchMap":{},"s":{"0":2},"f":{},"b":{},"_coverageSchema":"1a1c01bbd47fc00a2c39e90264f33305004495a9","hash":"5f279ebeba1d2b1f85d8b35b887bb191ced5f31a"}
,"C:\\worksapce\\react-native\\iweather\\src\\assets\\bg_rain_night.png": {"path":"C:\\worksapce\\react-native\\iweather\\src\\assets\\bg_rain_night.png","statementMap":{"0":{"start":{"line":1,"column":0},"end":{"line":1,"column":19}}},"fnMap":{},"branchMap":{},"s":{"0":2},"f":{},"b":{},"_coverageSchema":"1a1c01bbd47fc00a2c39e90264f33305004495a9","hash":"a5eec95cddc3ceb0169767059d5d45159242bdcd"}
,"C:\\worksapce\\react-native\\iweather\\src\\assets\\bg_snow_day.png": {"path":"C:\\worksapce\\react-native\\iweather\\src\\assets\\bg_snow_day.png","statementMap":{"0":{"start":{"line":1,"column":0},"end":{"line":1,"column":19}}},"fnMap":{},"branchMap":{},"s":{"0":2},"f":{},"b":{},"_coverageSchema":"1a1c01bbd47fc00a2c39e90264f33305004495a9","hash":"4208d6429bf3584609633f79253db712aa445b6e"}
,"C:\\worksapce\\react-native\\iweather\\src\\assets\\bg_snow_night.png": {"path":"C:\\worksapce\\react-native\\iweather\\src\\assets\\bg_snow_night.png","statementMap":{"0":{"start":{"line":1,"column":0},"end":{"line":1,"column":19}}},"fnMap":{},"branchMap":{},"s":{"0":2},"f":{},"b":{},"_coverageSchema":"1a1c01bbd47fc00a2c39e90264f33305004495a9","hash":"bd2ea916a452447659f337e029b5d93522c9613a"}
,"C:\\worksapce\\react-native\\iweather\\src\\assets\\clear_day.svg": {"path":"C:\\worksapce\\react-native\\iweather\\src\\assets\\clear_day.svg","statementMap":{"0":{"start":{"line":2,"column":14},"end":{"line":2,"column":30}},"1":{"start":{"line":4,"column":2},"end":{"line":7,"column":4}},"2":{"start":{"line":9,"column":0},"end":{"line":9,"column":30}}},"fnMap":{"0":{"name":"SvgClear_day","decl":{"start":{"line":3,"column":9},"end":{"line":3,"column":21}},"loc":{"start":{"line":3,"column":29},"end":{"line":8,"column":1}},"line":3}},"branchMap":{},"s":{"0":4,"1":8,"2":4},"f":{"0":8},"b":{},"_coverageSchema":"1a1c01bbd47fc00a2c39e90264f33305004495a9","hash":"17ee517883c3b56f3bb47f8153c9dac96f3dfd21"}
,"C:\\worksapce\\react-native\\iweather\\src\\assets\\clear_night.svg": {"path":"C:\\worksapce\\react-native\\iweather\\src\\assets\\clear_night.svg","statementMap":{"0":{"start":{"line":2,"column":14},"end":{"line":2,"column":30}},"1":{"start":{"line":4,"column":2},"end":{"line":7,"column":4}},"2":{"start":{"line":9,"column":0},"end":{"line":9,"column":32}}},"fnMap":{"0":{"name":"SvgClear_night","decl":{"start":{"line":3,"column":9},"end":{"line":3,"column":23}},"loc":{"start":{"line":3,"column":31},"end":{"line":8,"column":1}},"line":3}},"branchMap":{},"s":{"0":2,"1":2,"2":2},"f":{"0":2},"b":{},"_coverageSchema":"1a1c01bbd47fc00a2c39e90264f33305004495a9","hash":"e7074cae825c4e5cffad04d8b1ce066444a5eff0"}
,"C:\\worksapce\\react-native\\iweather\\src\\assets\\cloudy_day.svg": {"path":"C:\\worksapce\\react-native\\iweather\\src\\assets\\cloudy_day.svg","statementMap":{"0":{"start":{"line":2,"column":14},"end":{"line":2,"column":30}},"1":{"start":{"line":4,"column":2},"end":{"line":7,"column":4}},"2":{"start":{"line":9,"column":0},"end":{"line":9,"column":31}}},"fnMap":{"0":{"name":"SvgCloudy_day","decl":{"start":{"line":3,"column":9},"end":{"line":3,"column":22}},"loc":{"start":{"line":3,"column":30},"end":{"line":8,"column":1}},"line":3}},"branchMap":{},"s":{"0":2,"1":0,"2":2},"f":{"0":0},"b":{},"_coverageSchema":"1a1c01bbd47fc00a2c39e90264f33305004495a9","hash":"40937d79a59f6b6e607598fc60e71afa9de48f19"}
,"C:\\worksapce\\react-native\\iweather\\src\\assets\\cloudy_night.svg": {"path":"C:\\worksapce\\react-native\\iweather\\src\\assets\\cloudy_night.svg","statementMap":{"0":{"start":{"line":2,"column":14},"end":{"line":2,"column":30}},"1":{"start":{"line":4,"column":2},"end":{"line":7,"column":4}},"2":{"start":{"line":9,"column":0},"end":{"line":9,"column":33}}},"fnMap":{"0":{"name":"SvgCloudy_night","decl":{"start":{"line":3,"column":9},"end":{"line":3,"column":24}},"loc":{"start":{"line":3,"column":32},"end":{"line":8,"column":1}},"line":3}},"branchMap":{},"s":{"0":2,"1":0,"2":2},"f":{"0":0},"b":{},"_coverageSchema":"1a1c01bbd47fc00a2c39e90264f33305004495a9","hash":"14066c99a0a491a9b1af743f02713f5eab518d23"}
,"C:\\worksapce\\react-native\\iweather\\src\\assets\\drop.svg": {"path":"C:\\worksapce\\react-native\\iweather\\src\\assets\\drop.svg","statementMap":{"0":{"start":{"line":2,"column":14},"end":{"line":2,"column":30}},"1":{"start":{"line":4,"column":2},"end":{"line":7,"column":4}},"2":{"start":{"line":9,"column":0},"end":{"line":9,"column":25}}},"fnMap":{"0":{"name":"SvgDrop","decl":{"start":{"line":3,"column":9},"end":{"line":3,"column":16}},"loc":{"start":{"line":3,"column":24},"end":{"line":8,"column":1}},"line":3}},"branchMap":{},"s":{"0":2,"1":3,"2":2},"f":{"0":3},"b":{},"_coverageSchema":"1a1c01bbd47fc00a2c39e90264f33305004495a9","hash":"ddada5a82cee53500d449b29b10baf9a1349f411"}
,"C:\\worksapce\\react-native\\iweather\\src\\assets\\logo.svg": {"path":"C:\\worksapce\\react-native\\iweather\\src\\assets\\logo.svg","statementMap":{"0":{"start":{"line":2,"column":14},"end":{"line":2,"column":30}},"1":{"start":{"line":4,"column":2},"end":{"line":7,"column":4}},"2":{"start":{"line":9,"column":0},"end":{"line":9,"column":25}}},"fnMap":{"0":{"name":"SvgLogo","decl":{"start":{"line":3,"column":9},"end":{"line":3,"column":16}},"loc":{"start":{"line":3,"column":24},"end":{"line":8,"column":1}},"line":3}},"branchMap":{},"s":{"0":1,"1":4,"2":1},"f":{"0":4},"b":{},"_coverageSchema":"1a1c01bbd47fc00a2c39e90264f33305004495a9","hash":"f0e3c9d2775306fb92c14d15b6db67923856c3cb"}
,"C:\\worksapce\\react-native\\iweather\\src\\assets\\rain.svg": {"path":"C:\\worksapce\\react-native\\iweather\\src\\assets\\rain.svg","statementMap":{"0":{"start":{"line":2,"column":14},"end":{"line":2,"column":30}},"1":{"start":{"line":4,"column":2},"end":{"line":7,"column":4}},"2":{"start":{"line":9,"column":0},"end":{"line":9,"column":25}}},"fnMap":{"0":{"name":"SvgRain","decl":{"start":{"line":3,"column":9},"end":{"line":3,"column":16}},"loc":{"start":{"line":3,"column":24},"end":{"line":8,"column":1}},"line":3}},"branchMap":{},"s":{"0":1,"1":2,"2":1},"f":{"0":2},"b":{},"_coverageSchema":"1a1c01bbd47fc00a2c39e90264f33305004495a9","hash":"c4ada5c301671c60171fc0b96b39baf907212e80"}
,"C:\\worksapce\\react-native\\iweather\\src\\assets\\rain_moment_day.svg": {"path":"C:\\worksapce\\react-native\\iweather\\src\\assets\\rain_moment_day.svg","statementMap":{"0":{"start":{"line":2,"column":14},"end":{"line":2,"column":30}},"1":{"start":{"line":4,"column":2},"end":{"line":7,"column":4}},"2":{"start":{"line":9,"column":0},"end":{"line":9,"column":36}}},"fnMap":{"0":{"name":"SvgRain_moment_day","decl":{"start":{"line":3,"column":9},"end":{"line":3,"column":27}},"loc":{"start":{"line":3,"column":35},"end":{"line":8,"column":1}},"line":3}},"branchMap":{},"s":{"0":2,"1":0,"2":2},"f":{"0":0},"b":{},"_coverageSchema":"1a1c01bbd47fc00a2c39e90264f33305004495a9","hash":"0dfbdd8d6cd303165843bbae80e574e38204f1a9"}
,"C:\\worksapce\\react-native\\iweather\\src\\assets\\snow_day.svg": {"path":"C:\\worksapce\\react-native\\iweather\\src\\assets\\snow_day.svg","statementMap":{"0":{"start":{"line":2,"column":14},"end":{"line":2,"column":30}},"1":{"start":{"line":4,"column":2},"end":{"line":7,"column":4}},"2":{"start":{"line":9,"column":0},"end":{"line":9,"column":29}}},"fnMap":{"0":{"name":"SvgSnow_day","decl":{"start":{"line":3,"column":9},"end":{"line":3,"column":20}},"loc":{"start":{"line":3,"column":28},"end":{"line":8,"column":1}},"line":3}},"branchMap":{},"s":{"0":2,"1":0,"2":2},"f":{"0":0},"b":{},"_coverageSchema":"1a1c01bbd47fc00a2c39e90264f33305004495a9","hash":"62841f35152fa187144c781151a4c286cfabb9b4"}
,"C:\\worksapce\\react-native\\iweather\\src\\assets\\snow_night.svg": {"path":"C:\\worksapce\\react-native\\iweather\\src\\assets\\snow_night.svg","statementMap":{"0":{"start":{"line":2,"column":14},"end":{"line":2,"column":30}},"1":{"start":{"line":4,"column":2},"end":{"line":7,"column":4}},"2":{"start":{"line":9,"column":0},"end":{"line":9,"column":31}}},"fnMap":{"0":{"name":"SvgSnow_night","decl":{"start":{"line":3,"column":9},"end":{"line":3,"column":22}},"loc":{"start":{"line":3,"column":30},"end":{"line":8,"column":1}},"line":3}},"branchMap":{},"s":{"0":2,"1":0,"2":2},"f":{"0":0},"b":{},"_coverageSchema":"1a1c01bbd47fc00a2c39e90264f33305004495a9","hash":"4272f908c2aae51cfc50d772f719706e890a93d6"}
,"C:\\worksapce\\react-native\\iweather\\src\\assets\\sun.svg": {"path":"C:\\worksapce\\react-native\\iweather\\src\\assets\\sun.svg","statementMap":{"0":{"start":{"line":2,"column":14},"end":{"line":2,"column":30}},"1":{"start":{"line":4,"column":2},"end":{"line":7,"column":4}},"2":{"start":{"line":9,"column":0},"end":{"line":9,"column":24}}},"fnMap":{"0":{"name":"SvgSun","decl":{"start":{"line":3,"column":9},"end":{"line":3,"column":15}},"loc":{"start":{"line":3,"column":23},"end":{"line":8,"column":1}},"line":3}},"branchMap":{},"s":{"0":1,"1":2,"2":1},"f":{"0":2},"b":{},"_coverageSchema":"1a1c01bbd47fc00a2c39e90264f33305004495a9","hash":"43ad8537c7b52b768a82124f190dfc784914b9f2"}
,"C:\\worksapce\\react-native\\iweather\\src\\assets\\thermometer.svg": {"path":"C:\\worksapce\\react-native\\iweather\\src\\assets\\thermometer.svg","statementMap":{"0":{"start":{"line":2,"column":14},"end":{"line":2,"column":30}},"1":{"start":{"line":4,"column":2},"end":{"line":7,"column":4}},"2":{"start":{"line":9,"column":0},"end":{"line":9,"column":32}}},"fnMap":{"0":{"name":"SvgThermometer","decl":{"start":{"line":3,"column":9},"end":{"line":3,"column":23}},"loc":{"start":{"line":3,"column":31},"end":{"line":8,"column":1}},"line":3}},"branchMap":{},"s":{"0":1,"1":2,"2":1},"f":{"0":2},"b":{},"_coverageSchema":"1a1c01bbd47fc00a2c39e90264f33305004495a9","hash":"5aae4dfb678c5ebd866a4844cc4bc6e56f71cb11"}
,"C:\\worksapce\\react-native\\iweather\\src\\assets\\wind.svg": {"path":"C:\\worksapce\\react-native\\iweather\\src\\assets\\wind.svg","statementMap":{"0":{"start":{"line":2,"column":14},"end":{"line":2,"column":30}},"1":{"start":{"line":4,"column":2},"end":{"line":7,"column":4}},"2":{"start":{"line":9,"column":0},"end":{"line":9,"column":25}}},"fnMap":{"0":{"name":"SvgWind","decl":{"start":{"line":3,"column":9},"end":{"line":3,"column":16}},"loc":{"start":{"line":3,"column":24},"end":{"line":8,"column":1}},"line":3}},"branchMap":{},"s":{"0":1,"1":2,"2":1},"f":{"0":2},"b":{},"_coverageSchema":"1a1c01bbd47fc00a2c39e90264f33305004495a9","hash":"c01234975eab47c6d567dc049a2606a6ae2bd316"}
,"C:\\worksapce\\react-native\\iweather\\src\\components\\Day\\index.tsx": {"path":"C:\\worksapce\\react-native\\iweather\\src\\components\\Day\\index.tsx","statementMap":{"0":{"start":{"line":19,"column":25},"end":{"line":19,"column":29}},"1":{"start":{"line":21,"column":2},"end":{"line":37,"column":4}}},"fnMap":{"0":{"name":"Day","decl":{"start":{"line":18,"column":16},"end":{"line":18,"column":19}},"loc":{"start":{"line":18,"column":37},"end":{"line":38,"column":1}},"line":18}},"branchMap":{},"s":{"0":8,"1":8},"f":{"0":8},"b":{},"_coverageSchema":"1a1c01bbd47fc00a2c39e90264f33305004495a9","hash":"27a6d23a830de94b6fdb6f14906bd53295ddb5cb"}
,"C:\\worksapce\\react-native\\iweather\\src\\components\\Day\\styles.ts": {"path":"C:\\worksapce\\react-native\\iweather\\src\\components\\Day\\styles.ts","statementMap":{"0":{"start":{"line":4,"column":22},"end":{"line":28,"column":2}}},"fnMap":{},"branchMap":{},"s":{"0":3},"f":{},"b":{},"_coverageSchema":"1a1c01bbd47fc00a2c39e90264f33305004495a9","hash":"db7f617c3b1cc26cc8bc91fd6eeb5eb446668cf0"}
,"C:\\worksapce\\react-native\\iweather\\src\\components\\Input\\index.tsx": {"path":"C:\\worksapce\\react-native\\iweather\\src\\components\\Input\\index.tsx","statementMap":{"0":{"start":{"line":16,"column":2},"end":{"line":31,"column":4}}},"fnMap":{"0":{"name":"Input","decl":{"start":{"line":15,"column":16},"end":{"line":15,"column":21}},"loc":{"start":{"line":15,"column":61},"end":{"line":32,"column":1}},"line":15}},"branchMap":{"0":{"loc":{"start":{"line":15,"column":24},"end":{"line":15,"column":41}},"type":"default-arg","locations":[{"start":{"line":15,"column":36},"end":{"line":15,"column":41}}],"line":15},"1":{"loc":{"start":{"line":24,"column":7},"end":{"line":29,"column":7}},"type":"binary-expr","locations":[{"start":{"line":24,"column":7},"end":{"line":24,"column":16}},{"start":{"line":25,"column":8},"end":{"line":28,"column":10}}],"line":24}},"s":{"0":10},"f":{"0":10},"b":{"0":[3],"1":[10,1]},"_coverageSchema":"1a1c01bbd47fc00a2c39e90264f33305004495a9","hash":"2f80cc926e9401faef853c92e2d72495cbab25ba"}
,"C:\\worksapce\\react-native\\iweather\\src\\components\\Input\\styles.ts": {"path":"C:\\worksapce\\react-native\\iweather\\src\\components\\Input\\styles.ts","statementMap":{"0":{"start":{"line":4,"column":22},"end":{"line":19,"column":2}}},"fnMap":{},"branchMap":{},"s":{"0":3},"f":{},"b":{},"_coverageSchema":"1a1c01bbd47fc00a2c39e90264f33305004495a9","hash":"4c36fdad4235f8b5e522a3c08e4ca6730edff2c4"}
,"C:\\worksapce\\react-native\\iweather\\src\\components\\Loading\\index.tsx": {"path":"C:\\worksapce\\react-native\\iweather\\src\\components\\Loading\\index.tsx","statementMap":{"0":{"start":{"line":7,"column":2},"end":{"line":11,"column":4}}},"fnMap":{"0":{"name":"Loading","decl":{"start":{"line":6,"column":16},"end":{"line":6,"column":23}},"loc":{"start":{"line":6,"column":26},"end":{"line":12,"column":1}},"line":6}},"branchMap":{},"s":{"0":6},"f":{"0":6},"b":{},"_coverageSchema":"1a1c01bbd47fc00a2c39e90264f33305004495a9","hash":"20e2692b73cc7c073ec827a1254e23e6fa0bc69f"}
,"C:\\worksapce\\react-native\\iweather\\src\\components\\Loading\\styles.ts": {"path":"C:\\worksapce\\react-native\\iweather\\src\\components\\Loading\\styles.ts","statementMap":{"0":{"start":{"line":4,"column":22},"end":{"line":11,"column":2}}},"fnMap":{},"branchMap":{},"s":{"0":1},"f":{},"b":{},"_coverageSchema":"1a1c01bbd47fc00a2c39e90264f33305004495a9","hash":"56af51e477a03d6825425a90da96ed03beece72c"}
,"C:\\worksapce\\react-native\\iweather\\src\\components\\NextDays\\index.tsx": {"path":"C:\\worksapce\\react-native\\iweather\\src\\components\\NextDays\\index.tsx","statementMap":{"0":{"start":{"line":12,"column":2},"end":{"line":20,"column":4}},"1":{"start":{"line":16,"column":10},"end":{"line":16,"column":42}}},"fnMap":{"0":{"name":"NextDays","decl":{"start":{"line":11,"column":16},"end":{"line":11,"column":24}},"loc":{"start":{"line":11,"column":42},"end":{"line":21,"column":1}},"line":11},"1":{"name":"(anonymous_1)","decl":{"start":{"line":15,"column":17},"end":{"line":15,"column":18}},"loc":{"start":{"line":16,"column":10},"end":{"line":16,"column":42}},"line":16}},"branchMap":{},"s":{"0":3,"1":7},"f":{"0":3,"1":7},"b":{},"_coverageSchema":"1a1c01bbd47fc00a2c39e90264f33305004495a9","hash":"31268b0f0c0e5409bea8bf0fff55a23971a4cc92"}
,"C:\\worksapce\\react-native\\iweather\\src\\components\\NextDays\\styles.ts": {"path":"C:\\worksapce\\react-native\\iweather\\src\\components\\NextDays\\styles.ts","statementMap":{"0":{"start":{"line":4,"column":22},"end":{"line":14,"column":2}}},"fnMap":{},"branchMap":{},"s":{"0":2},"f":{},"b":{},"_coverageSchema":"1a1c01bbd47fc00a2c39e90264f33305004495a9","hash":"6225d1cc51a0fb47d8aeaae899553fecb4a554a4"}
,"C:\\worksapce\\react-native\\iweather\\src\\components\\SelectList\\index.tsx": {"path":"C:\\worksapce\\react-native\\iweather\\src\\components\\SelectList\\index.tsx","statementMap":{"0":{"start":{"line":17,"column":2},"end":{"line":38,"column":4}},"1":{"start":{"line":28,"column":10},"end":{"line":34,"column":29}},"2":{"start":{"line":31,"column":27},"end":{"line":31,"column":46}}},"fnMap":{"0":{"name":"SelectList","decl":{"start":{"line":16,"column":16},"end":{"line":16,"column":26}},"loc":{"start":{"line":16,"column":41},"end":{"line":39,"column":1}},"line":16},"1":{"name":"(anonymous_1)","decl":{"start":{"line":27,"column":24},"end":{"line":27,"column":25}},"loc":{"start":{"line":28,"column":10},"end":{"line":34,"column":29}},"line":28},"2":{"name":"(anonymous_2)","decl":{"start":{"line":31,"column":21},"end":{"line":31,"column":22}},"loc":{"start":{"line":31,"column":27},"end":{"line":31,"column":46}},"line":31}},"branchMap":{},"s":{"0":8,"1":2,"2":1},"f":{"0":8,"1":2,"2":1},"b":{},"_coverageSchema":"1a1c01bbd47fc00a2c39e90264f33305004495a9","hash":"21f8c9bfb26aa34a2d288bf2e1ddc323906608df"}
,"C:\\worksapce\\react-native\\iweather\\src\\components\\SelectList\\styles.ts": {"path":"C:\\worksapce\\react-native\\iweather\\src\\components\\SelectList\\styles.ts","statementMap":{"0":{"start":{"line":4,"column":22},"end":{"line":28,"column":2}}},"fnMap":{},"branchMap":{},"s":{"0":2},"f":{},"b":{},"_coverageSchema":"1a1c01bbd47fc00a2c39e90264f33305004495a9","hash":"4cefaae0770bde5543496f019c37c3c5360da795"}
,"C:\\worksapce\\react-native\\iweather\\src\\components\\WeatherDetails\\index.tsx": {"path":"C:\\worksapce\\react-native\\iweather\\src\\components\\WeatherDetails\\index.tsx","statementMap":{"0":{"start":{"line":26,"column":2},"end":{"line":59,"column":4}}},"fnMap":{"0":{"name":"WeatherDetails","decl":{"start":{"line":25,"column":16},"end":{"line":25,"column":30}},"loc":{"start":{"line":25,"column":48},"end":{"line":60,"column":1}},"line":25}},"branchMap":{},"s":{"0":2},"f":{"0":2},"b":{},"_coverageSchema":"1a1c01bbd47fc00a2c39e90264f33305004495a9","hash":"d11dd90ee11590faaa46016f913176ce61e11860"}
,"C:\\worksapce\\react-native\\iweather\\src\\components\\WeatherDetails\\styles.ts": {"path":"C:\\worksapce\\react-native\\iweather\\src\\components\\WeatherDetails\\styles.ts","statementMap":{"0":{"start":{"line":4,"column":22},"end":{"line":11,"column":2}}},"fnMap":{},"branchMap":{},"s":{"0":1},"f":{},"b":{},"_coverageSchema":"1a1c01bbd47fc00a2c39e90264f33305004495a9","hash":"5cdc0e95aa767ecd7ac85536ee523e61d1ebf522"}
,"C:\\worksapce\\react-native\\iweather\\src\\components\\WeatherItem\\index.tsx": {"path":"C:\\worksapce\\react-native\\iweather\\src\\components\\WeatherItem\\index.tsx","statementMap":{"0":{"start":{"line":14,"column":2},"end":{"line":26,"column":4}}},"fnMap":{"0":{"name":"WeatherItem","decl":{"start":{"line":13,"column":16},"end":{"line":13,"column":27}},"loc":{"start":{"line":13,"column":81},"end":{"line":27,"column":1}},"line":13}},"branchMap":{"0":{"loc":{"start":{"line":13,"column":56},"end":{"line":13,"column":70}},"type":"default-arg","locations":[{"start":{"line":13,"column":65},"end":{"line":13,"column":70}}],"line":13},"1":{"loc":{"start":{"line":15,"column":36},"end":{"line":15,"column":66}},"type":"binary-expr","locations":[{"start":{"line":15,"column":36},"end":{"line":15,"column":43}},{"start":{"line":15,"column":47},"end":{"line":15,"column":66}}],"line":15}},"s":{"0":11},"f":{"0":11},"b":{"0":[9],"1":[11,9]},"_coverageSchema":"1a1c01bbd47fc00a2c39e90264f33305004495a9","hash":"0bcf89b60c78d91b2beebc468ffa5d3f44cfbb02"}
,"C:\\worksapce\\react-native\\iweather\\src\\components\\WeatherItem\\styles.ts": {"path":"C:\\worksapce\\react-native\\iweather\\src\\components\\WeatherItem\\styles.ts","statementMap":{"0":{"start":{"line":4,"column":22},"end":{"line":27,"column":2}}},"fnMap":{},"branchMap":{},"s":{"0":2},"f":{},"b":{},"_coverageSchema":"1a1c01bbd47fc00a2c39e90264f33305004495a9","hash":"9233fdbe7c65c6248c97c941bbe4e2ec8e6e330c"}
,"C:\\worksapce\\react-native\\iweather\\src\\components\\WeatherToday\\index.tsx": {"path":"C:\\worksapce\\react-native\\iweather\\src\\components\\WeatherToday\\index.tsx","statementMap":{"0":{"start":{"line":23,"column":16},"end":{"line":23,"column":72}},"1":{"start":{"line":24,"column":16},"end":{"line":24,"column":27}},"2":{"start":{"line":26,"column":16},"end":{"line":26,"column":73}},"3":{"start":{"line":27,"column":15},"end":{"line":27,"column":78}},"4":{"start":{"line":29,"column":2},"end":{"line":59,"column":4}}},"fnMap":{"0":{"name":"WeatherToday","decl":{"start":{"line":22,"column":16},"end":{"line":22,"column":28}},"loc":{"start":{"line":22,"column":55},"end":{"line":60,"column":1}},"line":22}},"branchMap":{"0":{"loc":{"start":{"line":26,"column":16},"end":{"line":26,"column":73}},"type":"cond-expr","locations":[{"start":{"line":26,"column":24},"end":{"line":26,"column":46}},{"start":{"line":26,"column":49},"end":{"line":26,"column":73}}],"line":26},"1":{"loc":{"start":{"line":27,"column":15},"end":{"line":27,"column":78}},"type":"cond-expr","locations":[{"start":{"line":27,"column":23},"end":{"line":27,"column":48}},{"start":{"line":27,"column":51},"end":{"line":27,"column":78}}],"line":27}},"s":{"0":2,"1":2,"2":2,"3":2,"4":2},"f":{"0":2},"b":{"0":[0,2],"1":[0,2]},"_coverageSchema":"1a1c01bbd47fc00a2c39e90264f33305004495a9","hash":"c9d6e5abbecb56975da6aa5a1c145e1a5a1f586a"}
,"C:\\worksapce\\react-native\\iweather\\src\\components\\WeatherToday\\styles.ts": {"path":"C:\\worksapce\\react-native\\iweather\\src\\components\\WeatherToday\\styles.ts","statementMap":{"0":{"start":{"line":4,"column":22},"end":{"line":48,"column":2}}},"fnMap":{},"branchMap":{},"s":{"0":1},"f":{},"b":{},"_coverageSchema":"1a1c01bbd47fc00a2c39e90264f33305004495a9","hash":"a01c14f1d31aa42ae0d1ea1948751312b7fcf642"}
,"C:\\worksapce\\react-native\\iweather\\src\\contexts\\CityContext.tsx": {"path":"C:\\worksapce\\react-native\\iweather\\src\\contexts\\CityContext.tsx","statementMap":{"0":{"start":{"line":16,"column":27},"end":{"line":16,"column":90}},"1":{"start":{"line":19,"column":44},"end":{"line":19,"column":58}},"2":{"start":{"line":20,"column":26},"end":{"line":20,"column":58}},"3":{"start":{"line":23,"column":4},"end":{"line":23,"column":27}},"4":{"start":{"line":25,"column":4},"end":{"line":25,"column":40}},"5":{"start":{"line":26,"column":4},"end":{"line":26,"column":26}},"6":{"start":{"line":28,"column":4},"end":{"line":28,"column":28}},"7":{"start":{"line":31,"column":2},"end":{"line":37,"column":9}},"8":{"start":{"line":32,"column":4},"end":{"line":32,"column":27}},"9":{"start":{"line":34,"column":4},"end":{"line":36,"column":46}},"10":{"start":{"line":35,"column":22},"end":{"line":35,"column":35}},"11":{"start":{"line":36,"column":21},"end":{"line":36,"column":44}},"12":{"start":{"line":39,"column":2},"end":{"line":47,"column":3}}},"fnMap":{"0":{"name":"CityProvider","decl":{"start":{"line":18,"column":16},"end":{"line":18,"column":28}},"loc":{"start":{"line":18,"column":69},"end":{"line":48,"column":1}},"line":18},"1":{"name":"handleChanceCity","decl":{"start":{"line":22,"column":17},"end":{"line":22,"column":33}},"loc":{"start":{"line":22,"column":59},"end":{"line":29,"column":3}},"line":22},"2":{"name":"(anonymous_2)","decl":{"start":{"line":31,"column":12},"end":{"line":31,"column":13}},"loc":{"start":{"line":31,"column":18},"end":{"line":37,"column":3}},"line":31},"3":{"name":"(anonymous_3)","decl":{"start":{"line":35,"column":12},"end":{"line":35,"column":13}},"loc":{"start":{"line":35,"column":22},"end":{"line":35,"column":35}},"line":35},"4":{"name":"(anonymous_4)","decl":{"start":{"line":36,"column":15},"end":{"line":36,"column":16}},"loc":{"start":{"line":36,"column":21},"end":{"line":36,"column":44}},"line":36}},"branchMap":{},"s":{"0":2,"1":12,"2":12,"3":1,"4":1,"5":1,"6":1,"7":12,"8":4,"9":4,"10":4,"11":4,"12":12},"f":{"0":12,"1":1,"2":4,"3":4,"4":4},"b":{},"_coverageSchema":"1a1c01bbd47fc00a2c39e90264f33305004495a9","hash":"d9b7a56b0a4d5e4871a13754f71582c66b4a6c8b"}
,"C:\\worksapce\\react-native\\iweather\\src\\hooks\\useCity.ts": {"path":"C:\\worksapce\\react-native\\iweather\\src\\hooks\\useCity.ts","statementMap":{"0":{"start":{"line":6,"column":18},"end":{"line":6,"column":41}},"1":{"start":{"line":8,"column":2},"end":{"line":8,"column":16}}},"fnMap":{"0":{"name":"useCity","decl":{"start":{"line":5,"column":16},"end":{"line":5,"column":23}},"loc":{"start":{"line":5,"column":26},"end":{"line":9,"column":1}},"line":5}},"branchMap":{},"s":{"0":23,"1":23},"f":{"0":23},"b":{},"_coverageSchema":"1a1c01bbd47fc00a2c39e90264f33305004495a9","hash":"3aa117b3fbf6d385affa121878f18700dd1f7a81"}
,"C:\\worksapce\\react-native\\iweather\\src\\libs\\asyncStorage\\cityStorage.ts": {"path":"C:\\worksapce\\react-native\\iweather\\src\\libs\\asyncStorage\\cityStorage.ts","statementMap":{"0":{"start":{"line":4,"column":20},"end":{"line":4,"column":36}},"1":{"start":{"line":7,"column":18},"end":{"line":7,"column":57}},"2":{"start":{"line":9,"column":19},"end":{"line":9,"column":68}},"3":{"start":{"line":11,"column":2},"end":{"line":11,"column":18}},"4":{"start":{"line":15,"column":2},"end":{"line":15,"column":64}},"5":{"start":{"line":19,"column":2},"end":{"line":19,"column":45}}},"fnMap":{"0":{"name":"getStorageCity","decl":{"start":{"line":6,"column":22},"end":{"line":6,"column":36}},"loc":{"start":{"line":6,"column":39},"end":{"line":12,"column":1}},"line":6},"1":{"name":"saveStorageCity","decl":{"start":{"line":14,"column":22},"end":{"line":14,"column":37}},"loc":{"start":{"line":14,"column":55},"end":{"line":16,"column":1}},"line":14},"2":{"name":"removeStorageCity","decl":{"start":{"line":18,"column":22},"end":{"line":18,"column":39}},"loc":{"start":{"line":18,"column":42},"end":{"line":20,"column":1}},"line":18}},"branchMap":{"0":{"loc":{"start":{"line":9,"column":19},"end":{"line":9,"column":68}},"type":"cond-expr","locations":[{"start":{"line":9,"column":29},"end":{"line":9,"column":61}},{"start":{"line":9,"column":64},"end":{"line":9,"column":68}}],"line":9}},"s":{"0":3,"1":7,"2":7,"3":7,"4":4,"5":1},"f":{"0":7,"1":4,"2":1},"b":{"0":[3,4]},"_coverageSchema":"1a1c01bbd47fc00a2c39e90264f33305004495a9","hash":"35146a3fb4a07e66a1e0d8e81532bdfbb95919b5"}
,"C:\\worksapce\\react-native\\iweather\\src\\routes\\app.routes.tsx": {"path":"C:\\worksapce\\react-native\\iweather\\src\\routes\\app.routes.tsx","statementMap":{"0":{"start":{"line":6,"column":30},"end":{"line":6,"column":58}},"1":{"start":{"line":9,"column":2},"end":{"line":21,"column":3}}},"fnMap":{"0":{"name":"AppRoutes","decl":{"start":{"line":8,"column":16},"end":{"line":8,"column":25}},"loc":{"start":{"line":8,"column":28},"end":{"line":22,"column":1}},"line":8}},"branchMap":{},"s":{"0":1,"1":4},"f":{"0":4},"b":{},"_coverageSchema":"1a1c01bbd47fc00a2c39e90264f33305004495a9","hash":"68d26045f387ca07aa8214dadb5658890ee01c41"}
,"C:\\worksapce\\react-native\\iweather\\src\\routes\\index.tsx": {"path":"C:\\worksapce\\react-native\\iweather\\src\\routes\\index.tsx","statementMap":{"0":{"start":{"line":12,"column":19},"end":{"line":12,"column":28}},"1":{"start":{"line":13,"column":17},"end":{"line":13,"column":36}},"2":{"start":{"line":15,"column":2},"end":{"line":21,"column":4}}},"fnMap":{"0":{"name":"Routes","decl":{"start":{"line":11,"column":16},"end":{"line":11,"column":22}},"loc":{"start":{"line":11,"column":25},"end":{"line":22,"column":1}},"line":11}},"branchMap":{"0":{"loc":{"start":{"line":18,"column":9},"end":{"line":18,"column":45}},"type":"cond-expr","locations":[{"start":{"line":18,"column":16},"end":{"line":18,"column":29}},{"start":{"line":18,"column":32},"end":{"line":18,"column":45}}],"line":18}},"s":{"0":8,"1":8,"2":8},"f":{"0":8},"b":{"0":[4,4]},"_coverageSchema":"1a1c01bbd47fc00a2c39e90264f33305004495a9","hash":"8689552dd5fbaf6a1691d3e007e8dc7975b4f145"}
,"C:\\worksapce\\react-native\\iweather\\src\\screens\\Dashboard\\index.tsx": {"path":"C:\\worksapce\\react-native\\iweather\\src\\screens\\Dashboard\\index.tsx","statementMap":{"0":{"start":{"line":17,"column":30},"end":{"line":17,"column":42}},"1":{"start":{"line":18,"column":40},"end":{"line":18,"column":55}},"2":{"start":{"line":19,"column":30},"end":{"line":19,"column":55}},"3":{"start":{"line":20,"column":50},"end":{"line":20,"column":64}},"4":{"start":{"line":21,"column":32},"end":{"line":21,"column":90}},"5":{"start":{"line":23,"column":52},"end":{"line":23,"column":61}},"6":{"start":{"line":26,"column":4},"end":{"line":26,"column":28}},"7":{"start":{"line":27,"column":4},"end":{"line":27,"column":18}},"8":{"start":{"line":28,"column":4},"end":{"line":28,"column":18}},"9":{"start":{"line":32,"column":4},"end":{"line":34,"column":5}},"10":{"start":{"line":33,"column":6},"end":{"line":33,"column":13}},"11":{"start":{"line":36,"column":4},"end":{"line":36,"column":30}},"12":{"start":{"line":38,"column":36},"end":{"line":38,"column":40}},"13":{"start":{"line":39,"column":21},"end":{"line":39,"column":75}},"14":{"start":{"line":41,"column":4},"end":{"line":41,"column":25}},"15":{"start":{"line":42,"column":4},"end":{"line":42,"column":31}},"16":{"start":{"line":46,"column":4},"end":{"line":46,"column":25}},"17":{"start":{"line":48,"column":21},"end":{"line":48,"column":53}},"18":{"start":{"line":50,"column":4},"end":{"line":50,"column":24}},"19":{"start":{"line":51,"column":4},"end":{"line":51,"column":26}},"20":{"start":{"line":54,"column":2},"end":{"line":63,"column":15}},"21":{"start":{"line":55,"column":4},"end":{"line":57,"column":5}},"22":{"start":{"line":56,"column":6},"end":{"line":56,"column":13}},"23":{"start":{"line":59,"column":4},"end":{"line":59,"column":21}},"24":{"start":{"line":60,"column":21},"end":{"line":60,"column":61}},"25":{"start":{"line":60,"column":38},"end":{"line":60,"column":55}},"26":{"start":{"line":62,"column":4},"end":{"line":62,"column":41}},"27":{"start":{"line":62,"column":17},"end":{"line":62,"column":40}},"28":{"start":{"line":65,"column":2},"end":{"line":67,"column":13}},"29":{"start":{"line":66,"column":4},"end":{"line":66,"column":24}},"30":{"start":{"line":69,"column":2},"end":{"line":71,"column":3}},"31":{"start":{"line":70,"column":4},"end":{"line":70,"column":23}},"32":{"start":{"line":73,"column":2},"end":{"line":91,"column":4}}},"fnMap":{"0":{"name":"Dashboard","decl":{"start":{"line":16,"column":16},"end":{"line":16,"column":25}},"loc":{"start":{"line":16,"column":28},"end":{"line":92,"column":1}},"line":16},"1":{"name":"handleSelect","decl":{"start":{"line":25,"column":11},"end":{"line":25,"column":23}},"loc":{"start":{"line":25,"column":42},"end":{"line":29,"column":3}},"line":25},"2":{"name":"getWeatherDetails","decl":{"start":{"line":31,"column":17},"end":{"line":31,"column":34}},"loc":{"start":{"line":31,"column":37},"end":{"line":43,"column":3}},"line":31},"3":{"name":"getCities","decl":{"start":{"line":45,"column":17},"end":{"line":45,"column":26}},"loc":{"start":{"line":45,"column":41},"end":{"line":52,"column":3}},"line":45},"4":{"name":"(anonymous_4)","decl":{"start":{"line":54,"column":12},"end":{"line":54,"column":13}},"loc":{"start":{"line":54,"column":18},"end":{"line":63,"column":3}},"line":54},"5":{"name":"(anonymous_5)","decl":{"start":{"line":60,"column":32},"end":{"line":60,"column":33}},"loc":{"start":{"line":60,"column":38},"end":{"line":60,"column":55}},"line":60},"6":{"name":"(anonymous_6)","decl":{"start":{"line":62,"column":11},"end":{"line":62,"column":12}},"loc":{"start":{"line":62,"column":17},"end":{"line":62,"column":40}},"line":62},"7":{"name":"(anonymous_7)","decl":{"start":{"line":65,"column":12},"end":{"line":65,"column":13}},"loc":{"start":{"line":65,"column":18},"end":{"line":67,"column":3}},"line":65}},"branchMap":{"0":{"loc":{"start":{"line":32,"column":4},"end":{"line":34,"column":5}},"type":"if","locations":[{"start":{"line":32,"column":4},"end":{"line":34,"column":5}},{"start":{},"end":{}}],"line":32},"1":{"loc":{"start":{"line":55,"column":4},"end":{"line":57,"column":5}},"type":"if","locations":[{"start":{"line":55,"column":4},"end":{"line":57,"column":5}},{"start":{},"end":{}}],"line":55},"2":{"loc":{"start":{"line":69,"column":2},"end":{"line":71,"column":3}},"type":"if","locations":[{"start":{"line":69,"column":2},"end":{"line":71,"column":3}},{"start":{},"end":{}}],"line":69},"3":{"loc":{"start":{"line":69,"column":6},"end":{"line":69,"column":48}},"type":"binary-expr","locations":[{"start":{"line":69,"column":6},"end":{"line":69,"column":22}},{"start":{"line":69,"column":26},"end":{"line":69,"column":39}},{"start":{"line":69,"column":43},"end":{"line":69,"column":48}}],"line":69}},"s":{"0":8,"1":8,"2":8,"3":8,"4":8,"5":8,"6":0,"7":0,"8":0,"9":2,"10":0,"11":2,"12":2,"13":2,"14":2,"15":2,"16":0,"17":0,"18":0,"19":0,"20":8,"21":2,"22":2,"23":0,"24":0,"25":0,"26":0,"27":0,"28":8,"29":2,"30":8,"31":6,"32":2},"f":{"0":8,"1":0,"2":2,"3":0,"4":2,"5":0,"6":0,"7":2},"b":{"0":[0,2],"1":[2,0],"2":[6,2],"3":[8,2,2]},"_coverageSchema":"1a1c01bbd47fc00a2c39e90264f33305004495a9","hash":"b165c5da2aae11bf7493df56d7ce643e83b1f162"}
,"C:\\worksapce\\react-native\\iweather\\src\\screens\\Dashboard\\styles.ts": {"path":"C:\\worksapce\\react-native\\iweather\\src\\screens\\Dashboard\\styles.ts","statementMap":{"0":{"start":{"line":4,"column":22},"end":{"line":16,"column":2}}},"fnMap":{},"branchMap":{},"s":{"0":1},"f":{},"b":{},"_coverageSchema":"1a1c01bbd47fc00a2c39e90264f33305004495a9","hash":"be7953485e8067f9bede49eeae2b1beb412384ed"}
,"C:\\worksapce\\react-native\\iweather\\src\\screens\\Search\\index.tsx": {"path":"C:\\worksapce\\react-native\\iweather\\src\\screens\\Search\\index.tsx","statementMap":{"0":{"start":{"line":17,"column":30},"end":{"line":17,"column":42}},"1":{"start":{"line":18,"column":36},"end":{"line":18,"column":51}},"2":{"start":{"line":19,"column":30},"end":{"line":19,"column":55}},"3":{"start":{"line":21,"column":31},"end":{"line":21,"column":40}},"4":{"start":{"line":24,"column":4},"end":{"line":24,"column":23}},"5":{"start":{"line":26,"column":21},"end":{"line":26,"column":53}},"6":{"start":{"line":28,"column":4},"end":{"line":28,"column":24}},"7":{"start":{"line":29,"column":4},"end":{"line":29,"column":24}},"8":{"start":{"line":32,"column":2},"end":{"line":40,"column":15}},"9":{"start":{"line":33,"column":4},"end":{"line":35,"column":5}},"10":{"start":{"line":34,"column":6},"end":{"line":34,"column":13}},"11":{"start":{"line":37,"column":21},"end":{"line":37,"column":61}},"12":{"start":{"line":37,"column":38},"end":{"line":37,"column":55}},"13":{"start":{"line":39,"column":4},"end":{"line":39,"column":41}},"14":{"start":{"line":39,"column":17},"end":{"line":39,"column":40}},"15":{"start":{"line":42,"column":2},"end":{"line":71,"column":4}}},"fnMap":{"0":{"name":"Search","decl":{"start":{"line":16,"column":16},"end":{"line":16,"column":22}},"loc":{"start":{"line":16,"column":25},"end":{"line":72,"column":1}},"line":16},"1":{"name":"getCities","decl":{"start":{"line":23,"column":17},"end":{"line":23,"column":26}},"loc":{"start":{"line":23,"column":41},"end":{"line":30,"column":3}},"line":23},"2":{"name":"(anonymous_2)","decl":{"start":{"line":32,"column":12},"end":{"line":32,"column":13}},"loc":{"start":{"line":32,"column":18},"end":{"line":40,"column":3}},"line":32},"3":{"name":"(anonymous_3)","decl":{"start":{"line":37,"column":32},"end":{"line":37,"column":33}},"loc":{"start":{"line":37,"column":38},"end":{"line":37,"column":55}},"line":37},"4":{"name":"(anonymous_4)","decl":{"start":{"line":39,"column":11},"end":{"line":39,"column":12}},"loc":{"start":{"line":39,"column":17},"end":{"line":39,"column":40}},"line":39}},"branchMap":{"0":{"loc":{"start":{"line":33,"column":4},"end":{"line":35,"column":5}},"type":"if","locations":[{"start":{"line":33,"column":4},"end":{"line":35,"column":5}},{"start":{},"end":{}}],"line":33}},"s":{"0":4,"1":4,"2":4,"3":4,"4":0,"5":0,"6":0,"7":0,"8":4,"9":3,"10":3,"11":0,"12":0,"13":0,"14":0,"15":4},"f":{"0":4,"1":0,"2":3,"3":0,"4":0},"b":{"0":[3,0]},"_coverageSchema":"1a1c01bbd47fc00a2c39e90264f33305004495a9","hash":"2868e82d36a632fe0af7580aa3e4b7e77d0a1d1c"}
,"C:\\worksapce\\react-native\\iweather\\src\\screens\\Search\\styles.ts": {"path":"C:\\worksapce\\react-native\\iweather\\src\\screens\\Search\\styles.ts","statementMap":{"0":{"start":{"line":4,"column":19},"end":{"line":4,"column":43}},"1":{"start":{"line":6,"column":22},"end":{"line":40,"column":2}}},"fnMap":{},"branchMap":{},"s":{"0":1,"1":1},"f":{},"b":{},"_coverageSchema":"1a1c01bbd47fc00a2c39e90264f33305004495a9","hash":"aa10da41eb4a7388d5f0da792a281129682c5008"}
,"C:\\worksapce\\react-native\\iweather\\src\\services\\api.ts": {"path":"C:\\worksapce\\react-native\\iweather\\src\\services\\api.ts","statementMap":{"0":{"start":{"line":3,"column":19},"end":{"line":10,"column":2}}},"fnMap":{},"branchMap":{},"s":{"0":3},"f":{},"b":{},"_coverageSchema":"1a1c01bbd47fc00a2c39e90264f33305004495a9","hash":"21e086fe6aa93f1ada4a2f001df0d10699a22ea2"}
,"C:\\worksapce\\react-native\\iweather\\src\\services\\getCityByNameService.ts": {"path":"C:\\worksapce\\react-native\\iweather\\src\\services\\getCityByNameService.ts","statementMap":{"0":{"start":{"line":23,"column":2},"end":{"line":36,"column":3}},"1":{"start":{"line":24,"column":21},"end":{"line":24,"column":73}},"2":{"start":{"line":26,"column":17},"end":{"line":31,"column":5}},"3":{"start":{"line":33,"column":4},"end":{"line":33,"column":18}},"4":{"start":{"line":35,"column":4},"end":{"line":35,"column":14}}},"fnMap":{"0":{"name":"getCityByNameService","decl":{"start":{"line":22,"column":22},"end":{"line":22,"column":42}},"loc":{"start":{"line":22,"column":84},"end":{"line":37,"column":1}},"line":22}},"branchMap":{"0":{"loc":{"start":{"line":28,"column":12},"end":{"line":28,"column":78}},"type":"cond-expr","locations":[{"start":{"line":28,"column":31},"end":{"line":28,"column":66}},{"start":{"line":28,"column":69},"end":{"line":28,"column":78}}],"line":28}},"s":{"0":1,"1":1,"2":1,"3":1,"4":0},"f":{"0":1},"b":{"0":[1,0]},"_coverageSchema":"1a1c01bbd47fc00a2c39e90264f33305004495a9","hash":"94c0e6965633798b3b72f91cb1de7e97b570b149"}
,"C:\\worksapce\\react-native\\iweather\\src\\services\\getWeatherByCityService.ts": {"path":"C:\\worksapce\\react-native\\iweather\\src\\services\\getWeatherByCityService.ts","statementMap":{"0":{"start":{"line":46,"column":19},"end":{"line":46,"column":103}},"1":{"start":{"line":47,"column":39},"end":{"line":47,"column":51}},"2":{"start":{"line":49,"column":16},"end":{"line":64,"column":3}},"3":{"start":{"line":66,"column":15},"end":{"line":66,"column":28}},"4":{"start":{"line":67,"column":30},"end":{"line":67,"column":32}},"5":{"start":{"line":68,"column":31},"end":{"line":68,"column":33}},"6":{"start":{"line":70,"column":2},"end":{"line":88,"column":5}},"7":{"start":{"line":71,"column":16},"end":{"line":71,"column":60}},"8":{"start":{"line":73,"column":4},"end":{"line":87,"column":5}},"9":{"start":{"line":74,"column":6},"end":{"line":74,"column":26}},"10":{"start":{"line":76,"column":44},"end":{"line":76,"column":64}},"11":{"start":{"line":78,"column":22},"end":{"line":78,"column":42}},"12":{"start":{"line":80,"column":6},"end":{"line":86,"column":9}},"13":{"start":{"line":90,"column":2},"end":{"line":90,"column":28}}},"fnMap":{"0":{"name":"getWeatherByCityService","decl":{"start":{"line":45,"column":22},"end":{"line":45,"column":45}},"loc":{"start":{"line":45,"column":126},"end":{"line":91,"column":1}},"line":45},"1":{"name":"(anonymous_1)","decl":{"start":{"line":70,"column":20},"end":{"line":70,"column":21}},"loc":{"start":{"line":70,"column":35},"end":{"line":88,"column":3}},"line":70}},"branchMap":{"0":{"loc":{"start":{"line":73,"column":4},"end":{"line":87,"column":5}},"type":"if","locations":[{"start":{"line":73,"column":4},"end":{"line":87,"column":5}},{"start":{},"end":{}}],"line":73},"1":{"loc":{"start":{"line":73,"column":8},"end":{"line":73,"column":54}},"type":"binary-expr","locations":[{"start":{"line":73,"column":8},"end":{"line":73,"column":26}},{"start":{"line":73,"column":30},"end":{"line":73,"column":54}}],"line":73}},"s":{"0":3,"1":3,"2":3,"3":3,"4":3,"5":3,"6":3,"7":6,"8":6,"9":3,"10":3,"11":3,"12":3,"13":3},"f":{"0":3,"1":6},"b":{"0":[3,3],"1":[6,6]},"_coverageSchema":"1a1c01bbd47fc00a2c39e90264f33305004495a9","hash":"9199aa817d41b0c1b7f926c29b47da39f7dde09c"}
,"C:\\worksapce\\react-native\\iweather\\src\\styles\\theme.ts": {"path":"C:\\worksapce\\react-native\\iweather\\src\\styles\\theme.ts","statementMap":{"0":{"start":{"line":1,"column":21},"end":{"line":23,"column":1}}},"fnMap":{},"branchMap":{},"s":{"0":6},"f":{},"b":{},"_coverageSchema":"1a1c01bbd47fc00a2c39e90264f33305004495a9","hash":"a2fd294870ed09e845028d7de214118918bc5ee4"}
,"C:\\worksapce\\react-native\\iweather\\src\\utils\\getNextDays.ts": {"path":"C:\\worksapce\\react-native\\iweather\\src\\utils\\getNextDays.ts","statementMap":{"0":{"start":{"line":8,"column":15},"end":{"line":8,"column":17}},"1":{"start":{"line":9,"column":16},"end":{"line":9,"column":26}},"2":{"start":{"line":11,"column":2},"end":{"line":17,"column":3}},"3":{"start":{"line":11,"column":15},"end":{"line":11,"column":16}},"4":{"start":{"line":12,"column":17},"end":{"line":12,"column":27}},"5":{"start":{"line":14,"column":4},"end":{"line":14,"column":44}},"6":{"start":{"line":16,"column":4},"end":{"line":16,"column":43}},"7":{"start":{"line":19,"column":2},"end":{"line":19,"column":14}}},"fnMap":{"0":{"name":"getNextDays","decl":{"start":{"line":7,"column":16},"end":{"line":7,"column":27}},"loc":{"start":{"line":7,"column":30},"end":{"line":20,"column":1}},"line":7}},"branchMap":{},"s":{"0":4,"1":4,"2":4,"3":4,"4":20,"5":20,"6":20,"7":4},"f":{"0":4},"b":{},"_coverageSchema":"1a1c01bbd47fc00a2c39e90264f33305004495a9","hash":"b66e74250cc438789e2309ef99afafe733573c52"}
,"C:\\worksapce\\react-native\\iweather\\src\\utils\\isDayTime.ts": {"path":"C:\\worksapce\\react-native\\iweather\\src\\utils\\isDayTime.ts","statementMap":{"0":{"start":{"line":6,"column":16},"end":{"line":6,"column":37}},"1":{"start":{"line":7,"column":2},"end":{"line":7,"column":33}}},"fnMap":{"0":{"name":"isDayTime","decl":{"start":{"line":5,"column":16},"end":{"line":5,"column":25}},"loc":{"start":{"line":5,"column":28},"end":{"line":8,"column":1}},"line":5}},"branchMap":{"0":{"loc":{"start":{"line":7,"column":9},"end":{"line":7,"column":32}},"type":"binary-expr","locations":[{"start":{"line":7,"column":9},"end":{"line":7,"column":18}},{"start":{"line":7,"column":22},"end":{"line":7,"column":32}}],"line":7}},"s":{"0":2,"1":2},"f":{"0":2},"b":{"0":[2,2]},"_coverageSchema":"1a1c01bbd47fc00a2c39e90264f33305004495a9","hash":"8e3d528860e91dc70d218a11caca9e16b771c260"}
,"C:\\worksapce\\react-native\\iweather\\src\\utils\\weatherIcons.ts": {"path":"C:\\worksapce\\react-native\\iweather\\src\\utils\\weatherIcons.ts","statementMap":{"0":{"start":{"line":20,"column":28},"end":{"line":49,"column":1}}},"fnMap":{},"branchMap":{},"s":{"0":2},"f":{},"b":{},"_coverageSchema":"1a1c01bbd47fc00a2c39e90264f33305004495a9","hash":"febdc1f636071ed5c769413d9362d66b0546880a"}
}
